This is pdfTeX, Version 3.141592653-2.6-1.40.25 (MiKTeX 23.10) (preloaded format=pdflatex 2024.3.14)  26 APR 2024 13:46
entering extended mode
 restricted \write18 enabled.
 file:line:error style messages enabled.
 %&-line parsing enabled.
**"c:/Users/ruair/OneDrive - sheffield.ac.uk/Fourth Year/ACS 61012 - Machine Vision/Machine Vision Coursework - doc/main.tex"
(c:/Users/ruair/OneDrive - sheffield.ac.uk/Fourth Year/ACS 61012 - Machine Vision/Machine Vision Coursework - doc/main.tex
LaTeX2e <2023-06-01> patch level 1
L3 programming layer <2023-08-29>
(C:\Users\ruair\AppData\Local\Programs\MiKTeX\tex/latex/base\article.cls
Document Class: article 2023/05/17 v1.4n Standard LaTeX document class
(C:\Users\ruair\AppData\Local\Programs\MiKTeX\tex/latex/base\size11.clo
File: size11.clo 2023/05/17 v1.4n Standard LaTeX file (size option)
)
\c@part=\count185
\c@section=\count186
\c@subsection=\count187
\c@subsubsection=\count188
\c@paragraph=\count189
\c@subparagraph=\count190
\c@figure=\count191
\c@table=\count192
\abovecaptionskip=\skip48
\belowcaptionskip=\skip49
\bibindent=\dimen140
) (C:\Users\ruair\AppData\Local\Programs\MiKTeX\tex/latex/graphics\graphicx.sty
Package: graphicx 2021/09/16 v1.2d Enhanced LaTeX Graphics (DPC,SPQR)
 (C:\Users\ruair\AppData\Local\Programs\MiKTeX\tex/latex/graphics\keyval.sty
Package: keyval 2022/05/29 v1.15 key=value parser (DPC)
\KV@toks@=\toks17
) (C:\Users\ruair\AppData\Local\Programs\MiKTeX\tex/latex/graphics\graphics.sty
Package: graphics 2022/03/10 v1.4e Standard LaTeX Graphics (DPC,SPQR)
 (C:\Users\ruair\AppData\Local\Programs\MiKTeX\tex/latex/graphics\trig.sty
Package: trig 2021/08/11 v1.11 sin cos tan (DPC)
) (C:\Users\ruair\AppData\Local\Programs\MiKTeX\tex/latex/graphics-cfg\graphics.cfg
File: graphics.cfg 2016/06/04 v1.11 sample graphics configuration
)
Package graphics Info: Driver file: pdftex.def on input line 107.
 (C:\Users\ruair\AppData\Local\Programs\MiKTeX\tex/latex/graphics-def\pdftex.def
File: pdftex.def 2022/09/22 v1.2b Graphics/color driver for pdftex
))
\Gin@req@height=\dimen141
\Gin@req@width=\dimen142
) (C:\Users\ruair\AppData\Local\Programs\MiKTeX\tex/latex/geometry\geometry.sty
Package: geometry 2020/01/02 v5.9 Page Geometry
 (C:\Users\ruair\AppData\Local\Programs\MiKTeX\tex/generic/iftex\ifvtex.sty
Package: ifvtex 2019/10/25 v1.7 ifvtex legacy package. Use iftex instead.
 (C:\Users\ruair\AppData\Local\Programs\MiKTeX\tex/generic/iftex\iftex.sty
Package: iftex 2022/02/03 v1.0f TeX engine tests
))
\Gm@cnth=\count193
\Gm@cntv=\count194
\c@Gm@tempcnt=\count195
\Gm@bindingoffset=\dimen143
\Gm@wd@mp=\dimen144
\Gm@odd@mp=\dimen145
\Gm@even@mp=\dimen146
\Gm@layoutwidth=\dimen147
\Gm@layoutheight=\dimen148
\Gm@layouthoffset=\dimen149
\Gm@layoutvoffset=\dimen150
\Gm@dimlist=\toks18
 (C:\Users\ruair\AppData\Local\Programs\MiKTeX\tex/latex/geometry\geometry.cfg)) (C:\Users\ruair\AppData\Local\Programs\MiKTeX\tex/latex/hyperref\hyperref.sty
Package: hyperref 2023-07-08 v7.01b Hypertext links for LaTeX
 (C:\Users\ruair\AppData\Local\Programs\MiKTeX\tex/generic/ltxcmds\ltxcmds.sty
Package: ltxcmds 2023-12-04 v1.26 LaTeX kernel commands for general use (HO)
) (C:\Users\ruair\AppData\Local\Programs\MiKTeX\tex/generic/pdftexcmds\pdftexcmds.sty
Package: pdftexcmds 2020-06-27 v0.33 Utility functions of pdfTeX for LuaTeX (HO)
 (C:\Users\ruair\AppData\Local\Programs\MiKTeX\tex/generic/infwarerr\infwarerr.sty
Package: infwarerr 2019/12/03 v1.5 Providing info/warning/error messages (HO)
)
Package pdftexcmds Info: \pdf@primitive is available.
Package pdftexcmds Info: \pdf@ifprimitive is available.
Package pdftexcmds Info: \pdfdraftmode found.
) (C:\Users\ruair\AppData\Local\Programs\MiKTeX\tex/latex/kvsetkeys\kvsetkeys.sty
Package: kvsetkeys 2022-10-05 v1.19 Key value parser (HO)
) (C:\Users\ruair\AppData\Local\Programs\MiKTeX\tex/generic/kvdefinekeys\kvdefinekeys.sty
Package: kvdefinekeys 2019-12-19 v1.6 Define keys (HO)
) (C:\Users\ruair\AppData\Local\Programs\MiKTeX\tex/generic/pdfescape\pdfescape.sty
Package: pdfescape 2019/12/09 v1.15 Implements pdfTeX's escape features (HO)
) (C:\Users\ruair\AppData\Local\Programs\MiKTeX\tex/latex/hycolor\hycolor.sty
Package: hycolor 2020-01-27 v1.10 Color options for hyperref/bookmark (HO)
) (C:\Users\ruair\AppData\Local\Programs\MiKTeX\tex/latex/letltxmacro\letltxmacro.sty
Package: letltxmacro 2019/12/03 v1.6 Let assignment for LaTeX macros (HO)
) (C:\Users\ruair\AppData\Local\Programs\MiKTeX\tex/latex/auxhook\auxhook.sty
Package: auxhook 2019-12-17 v1.6 Hooks for auxiliary files (HO)
) (C:\Users\ruair\AppData\Local\Programs\MiKTeX\tex/latex/hyperref\nameref.sty
Package: nameref 2023-08-07 v2.53 Cross-referencing by name of section
 (C:\Users\ruair\AppData\Local\Programs\MiKTeX\tex/latex/refcount\refcount.sty
Package: refcount 2019/12/15 v3.6 Data extraction from label references (HO)
) (C:\Users\ruair\AppData\Local\Programs\MiKTeX\tex/generic/gettitlestring\gettitlestring.sty
Package: gettitlestring 2019/12/15 v1.6 Cleanup title references (HO)
 (C:\Users\ruair\AppData\Local\Programs\MiKTeX\tex/latex/kvoptions\kvoptions.sty
Package: kvoptions 2022-06-15 v3.15 Key value format for package options (HO)
))
\c@section@level=\count196
) (C:\Users\ruair\AppData\Local\Programs\MiKTeX\tex/latex/etoolbox\etoolbox.sty
Package: etoolbox 2020/10/05 v2.5k e-TeX tools for LaTeX (JAW)
\etb@tempcnta=\count197
)
\@linkdim=\dimen151
\Hy@linkcounter=\count198
\Hy@pagecounter=\count199
 (C:\Users\ruair\AppData\Local\Programs\MiKTeX\tex/latex/hyperref\pd1enc.def
File: pd1enc.def 2023-07-08 v7.01b Hyperref: PDFDocEncoding definition (HO)
Now handling font encoding PD1 ...
... no UTF-8 mapping file for font encoding PD1
) (C:\Users\ruair\AppData\Local\Programs\MiKTeX\tex/generic/intcalc\intcalc.sty
Package: intcalc 2019/12/15 v1.3 Expandable calculations with integers (HO)
)
\Hy@SavedSpaceFactor=\count266
 (C:\Users\ruair\AppData\Local\Programs\MiKTeX\tex/latex/hyperref\puenc.def
File: puenc.def 2023-07-08 v7.01b Hyperref: PDF Unicode definition (HO)
Now handling font encoding PU ...
... no UTF-8 mapping file for font encoding PU
)
Package hyperref Info: Hyper figures OFF on input line 4167.
Package hyperref Info: Link nesting OFF on input line 4172.
Package hyperref Info: Hyper index ON on input line 4175.
Package hyperref Info: Plain pages OFF on input line 4182.
Package hyperref Info: Backreferencing OFF on input line 4187.
Package hyperref Info: Implicit mode ON; LaTeX internals redefined.
Package hyperref Info: Bookmarks ON on input line 4434.
\c@Hy@tempcnt=\count267
 (C:\Users\ruair\AppData\Local\Programs\MiKTeX\tex/latex/url\url.sty
\Urlmuskip=\muskip16
Package: url 2013/09/16  ver 3.4  Verb mode for urls, etc.
)
LaTeX Info: Redefining \url on input line 4772.
\XeTeXLinkMargin=\dimen152
 (C:\Users\ruair\AppData\Local\Programs\MiKTeX\tex/generic/bitset\bitset.sty
Package: bitset 2019/12/09 v1.3 Handle bit-vector datatype (HO)
 (C:\Users\ruair\AppData\Local\Programs\MiKTeX\tex/generic/bigintcalc\bigintcalc.sty
Package: bigintcalc 2019/12/15 v1.5 Expandable calculations on big integers (HO)
))
\Fld@menulength=\count268
\Field@Width=\dimen153
\Fld@charsize=\dimen154
Package hyperref Info: Hyper figures OFF on input line 6051.
Package hyperref Info: Link nesting OFF on input line 6056.
Package hyperref Info: Hyper index ON on input line 6059.
Package hyperref Info: backreferencing OFF on input line 6066.
Package hyperref Info: Link coloring OFF on input line 6071.
Package hyperref Info: Link coloring with OCG OFF on input line 6076.
Package hyperref Info: PDF/A mode OFF on input line 6081.
 (C:\Users\ruair\AppData\Local\Programs\MiKTeX\tex/latex/base\atbegshi-ltx.sty
Package: atbegshi-ltx 2021/01/10 v1.0c Emulation of the original atbegshi
package with kernel methods
)
\Hy@abspage=\count269
\c@Item=\count270
\c@Hfootnote=\count271
)
Package hyperref Info: Driver (autodetected): hpdftex.
 (C:\Users\ruair\AppData\Local\Programs\MiKTeX\tex/latex/hyperref\hpdftex.def
File: hpdftex.def 2023-07-08 v7.01b Hyperref driver for pdfTeX
 (C:\Users\ruair\AppData\Local\Programs\MiKTeX\tex/latex/base\atveryend-ltx.sty
Package: atveryend-ltx 2020/08/19 v1.0a Emulation of the original atveryend package
with kernel methods
)
\Fld@listcount=\count272
\c@bookmark@seq@number=\count273
 (C:\Users\ruair\AppData\Local\Programs\MiKTeX\tex/latex/rerunfilecheck\rerunfilecheck.sty
Package: rerunfilecheck 2022-07-10 v1.10 Rerun checks for auxiliary files (HO)
 (C:\Users\ruair\AppData\Local\Programs\MiKTeX\tex/generic/uniquecounter\uniquecounter.sty
Package: uniquecounter 2019/12/15 v1.4 Provide unlimited unique counter (HO)
)
Package uniquecounter Info: New unique counter `rerunfilecheck' on input line 285.
)
\Hy@SectionHShift=\skip50
) (C:\Users\ruair\AppData\Local\Programs\MiKTeX\tex/latex/biblatex\biblatex.sty
Package: biblatex 2023/03/05 v3.19 programmable bibliographies (PK/MW)
 (C:\Users\ruair\AppData\Local\Programs\MiKTeX\tex/latex/logreq\logreq.sty
Package: logreq 2010/08/04 v1.0 xml request logger
\lrq@indent=\count274
 (C:\Users\ruair\AppData\Local\Programs\MiKTeX\tex/latex/logreq\logreq.def
File: logreq.def 2010/08/04 v1.0 logreq spec v1.0
)) (C:\Users\ruair\AppData\Local\Programs\MiKTeX\tex/latex/base\ifthen.sty
Package: ifthen 2022/04/13 v1.1d Standard LaTeX ifthen package (DPC)
)
\c@tabx@nest=\count275
\c@listtotal=\count276
\c@listcount=\count277
\c@liststart=\count278
\c@liststop=\count279
\c@citecount=\count280
\c@citetotal=\count281
\c@multicitecount=\count282
\c@multicitetotal=\count283
\c@instcount=\count284
\c@maxnames=\count285
\c@minnames=\count286
\c@maxitems=\count287
\c@minitems=\count288
\c@citecounter=\count289
\c@maxcitecounter=\count290
\c@savedcitecounter=\count291
\c@uniquelist=\count292
\c@uniquename=\count293
\c@refsection=\count294
\c@refsegment=\count295
\c@maxextratitle=\count296
\c@maxextratitleyear=\count297
\c@maxextraname=\count298
\c@maxextradate=\count299
\c@maxextraalpha=\count300
\c@abbrvpenalty=\count301
\c@highnamepenalty=\count302
\c@lownamepenalty=\count303
\c@maxparens=\count304
\c@parenlevel=\count305
\blx@tempcnta=\count306
\blx@tempcntb=\count307
\blx@tempcntc=\count308
\c@blx@maxsection=\count309
\blx@maxsegment@0=\count310
\blx@notetype=\count311
\blx@parenlevel@text=\count312
\blx@parenlevel@foot=\count313
\blx@sectionciteorder@0=\count314
\blx@sectionciteorderinternal@0=\count315
\blx@entrysetcounter=\count316
\blx@biblioinstance=\count317
\labelnumberwidth=\skip51
\labelalphawidth=\skip52
\biblabelsep=\skip53
\bibitemsep=\skip54
\bibnamesep=\skip55
\bibinitsep=\skip56
\bibparsep=\skip57
\bibhang=\skip58
\blx@bcfin=\read2
\blx@bcfout=\write3
\blx@langwohyphens=\language79
\c@mincomprange=\count318
\c@maxcomprange=\count319
\c@mincompwidth=\count320
Package biblatex Info: Trying to load biblatex default data model...
Package biblatex Info: ... file 'blx-dm.def' found.
 (C:\Users\ruair\AppData\Local\Programs\MiKTeX\tex/latex/biblatex\blx-dm.def
File: blx-dm.def 2023/03/05 v3.19 biblatex localization (PK/MW)
)
Package biblatex Info: Trying to load biblatex style data model...
Package biblatex Info: ... file 'ieee.dbx' not found.
Package biblatex Info: Trying to load biblatex custom data model...
Package biblatex Info: ... file 'biblatex-dm.cfg' not found.
\c@afterword=\count321
\c@savedafterword=\count322
\c@annotator=\count323
\c@savedannotator=\count324
\c@author=\count325
\c@savedauthor=\count326
\c@bookauthor=\count327
\c@savedbookauthor=\count328
\c@commentator=\count329
\c@savedcommentator=\count330
\c@editor=\count331
\c@savededitor=\count332
\c@editora=\count333
\c@savededitora=\count334
\c@editorb=\count335
\c@savededitorb=\count336
\c@editorc=\count337
\c@savededitorc=\count338
\c@foreword=\count339
\c@savedforeword=\count340
\c@holder=\count341
\c@savedholder=\count342
\c@introduction=\count343
\c@savedintroduction=\count344
\c@namea=\count345
\c@savednamea=\count346
\c@nameb=\count347
\c@savednameb=\count348
\c@namec=\count349
\c@savednamec=\count350
\c@translator=\count351
\c@savedtranslator=\count352
\c@shortauthor=\count353
\c@savedshortauthor=\count354
\c@shorteditor=\count355
\c@savedshorteditor=\count356
\c@labelname=\count357
\c@savedlabelname=\count358
\c@institution=\count359
\c@savedinstitution=\count360
\c@lista=\count361
\c@savedlista=\count362
\c@listb=\count363
\c@savedlistb=\count364
\c@listc=\count365
\c@savedlistc=\count366
\c@listd=\count367
\c@savedlistd=\count368
\c@liste=\count369
\c@savedliste=\count370
\c@listf=\count371
\c@savedlistf=\count372
\c@location=\count373
\c@savedlocation=\count374
\c@organization=\count375
\c@savedorganization=\count376
\c@origlocation=\count377
\c@savedoriglocation=\count378
\c@origpublisher=\count379
\c@savedorigpublisher=\count380
\c@publisher=\count381
\c@savedpublisher=\count382
\c@language=\count383
\c@savedlanguage=\count384
\c@origlanguage=\count385
\c@savedoriglanguage=\count386
\c@pageref=\count387
\c@savedpageref=\count388
\shorthandwidth=\skip59
\shortjournalwidth=\skip60
\shortserieswidth=\skip61
\shorttitlewidth=\skip62
\shortauthorwidth=\skip63
\shorteditorwidth=\skip64
\locallabelnumberwidth=\skip65
\locallabelalphawidth=\skip66
\localshorthandwidth=\skip67
\localshortjournalwidth=\skip68
\localshortserieswidth=\skip69
\localshorttitlewidth=\skip70
\localshortauthorwidth=\skip71
\localshorteditorwidth=\skip72
Package biblatex Info: Trying to load compatibility code...
Package biblatex Info: ... file 'blx-compat.def' found.
 (C:\Users\ruair\AppData\Local\Programs\MiKTeX\tex/latex/biblatex\blx-compat.def
File: blx-compat.def 2023/03/05 v3.19 biblatex compatibility (PK/MW)
)
Package biblatex Info: Trying to load generic definitions...
Package biblatex Info: ... file 'biblatex.def' found.
 (C:\Users\ruair\AppData\Local\Programs\MiKTeX\tex/latex/biblatex\biblatex.def
File: biblatex.def 2023/03/05 v3.19 biblatex compatibility (PK/MW)
\c@textcitecount=\count389
\c@textcitetotal=\count390
\c@textcitemaxnames=\count391
\c@biburlbigbreakpenalty=\count392
\c@biburlbreakpenalty=\count393
\c@biburlnumpenalty=\count394
\c@biburlucpenalty=\count395
\c@biburllcpenalty=\count396
\biburlbigskip=\muskip17
\biburlnumskip=\muskip18
\biburlucskip=\muskip19
\biburllcskip=\muskip20
\c@smartand=\count397
)
Package biblatex Info: Trying to load bibliography style 'ieee'...
Package biblatex Info: ... file 'ieee.bbx' found.
 (C:\Users\ruair\AppData\Local\Programs\MiKTeX\tex/latex/biblatex-ieee\ieee.bbx
File: ieee.bbx 2021/12/06 v1.3f biblatex bibliography style
Package biblatex Info: Trying to load bibliography style 'numeric-comp'...
Package biblatex Info: ... file 'numeric-comp.bbx' found.
 (C:\Users\ruair\AppData\Local\Programs\MiKTeX\tex/latex/biblatex/bbx\numeric-comp.bbx
File: numeric-comp.bbx 2023/03/05 v3.19 biblatex bibliography style (PK/MW)
Package biblatex Info: Trying to load bibliography style 'numeric'...
Package biblatex Info: ... file 'numeric.bbx' found.
 (C:\Users\ruair\AppData\Local\Programs\MiKTeX\tex/latex/biblatex/bbx\numeric.bbx
File: numeric.bbx 2023/03/05 v3.19 biblatex bibliography style (PK/MW)
Package biblatex Info: Trying to load bibliography style 'standard'...
Package biblatex Info: ... file 'standard.bbx' found.
 (C:\Users\ruair\AppData\Local\Programs\MiKTeX\tex/latex/biblatex/bbx\standard.bbx
File: standard.bbx 2023/03/05 v3.19 biblatex bibliography style (PK/MW)
\c@bbx:relatedcount=\count398
\c@bbx:relatedtotal=\count399
))))
Package biblatex Info: Trying to load citation style 'ieee'...
Package biblatex Info: ... file 'ieee.cbx' found.
 (C:\Users\ruair\AppData\Local\Programs\MiKTeX\tex/latex/biblatex-ieee\ieee.cbx
File: ieee.cbx 2021/12/06 v1.3f biblatex citation style
Package biblatex Info: Trying to load citation style 'numeric-comp'...
Package biblatex Info: ... file 'numeric-comp.cbx' found.
 (C:\Users\ruair\AppData\Local\Programs\MiKTeX\tex/latex/biblatex/cbx\numeric-comp.cbx
File: numeric-comp.cbx 2023/03/05 v3.19 biblatex citation style (PK/MW)
\c@cbx@tempcnta=\count400
\c@cbx@tempcntb=\count401
\c@cbx@tempcntc=\count402
\c@cbx@tempcntd=\count403
Package biblatex Info: Redefining '\cite'.
Package biblatex Info: Redefining '\parencite'.
Package biblatex Info: Redefining '\footcite'.
Package biblatex Info: Redefining '\footcitetext'.
Package biblatex Info: Redefining '\smartcite'.
Package biblatex Info: Redefining '\supercite'.
Package biblatex Info: Redefining '\textcite'.
Package biblatex Info: Redefining '\textcites'.
Package biblatex Info: Redefining '\cites'.
Package biblatex Info: Redefining '\parencites'.
Package biblatex Info: Redefining '\smartcites'.
)
Package biblatex Info: Redefining '\cite'.
Package biblatex Info: Redefining '\supercite'.
Package biblatex Info: Redefining '\cites'.
)
Package biblatex Info: Trying to load configuration file...
Package biblatex Info: ... file 'biblatex.cfg' found.
 (C:\Users\ruair\AppData\Local\Programs\MiKTeX\tex/latex/biblatex\biblatex.cfg
File: biblatex.cfg 
)
Package biblatex Info: Input encoding 'utf8' detected.
Package biblatex Info: Document encoding is UTF8 ....
 (C:\Users\ruair\AppData\Local\Programs\MiKTeX\tex/latex/l3kernel\expl3.sty
Package: expl3 2023-08-29 L3 programming layer (loader) 
 (C:\Users\ruair\AppData\Local\Programs\MiKTeX\tex/latex/l3backend\l3backend-pdftex.def
File: l3backend-pdftex.def 2023-04-19 L3 backend support: PDF output (pdfTeX)
\l__color_backend_stack_int=\count404
\l__pdf_internal_box=\box51
))
Package biblatex Info: ... and expl3
(biblatex)             2023-08-29 L3 programming layer (loader) 
(biblatex)             is new enough (at least 2020/04/06),
(biblatex)             setting 'casechanger=expl3'.
 (C:\Users\ruair\AppData\Local\Programs\MiKTeX\tex/latex/biblatex\blx-case-expl3.sty (C:\Users\ruair\AppData\Local\Programs\MiKTeX\tex/latex/l3packages/xparse\xparse.sty
Package: xparse 2023-08-29 L3 Experimental document command parser
)
Package: blx-case-expl3 2023/03/05 v3.19 expl3 case changing code for biblatex
)) (C:\Users\ruair\AppData\Local\Programs\MiKTeX\tex/latex/listings\listings.sty
\lst@mode=\count405
\lst@gtempboxa=\box52
\lst@token=\toks19
\lst@length=\count406
\lst@currlwidth=\dimen155
\lst@column=\count407
\lst@pos=\count408
\lst@lostspace=\dimen156
\lst@width=\dimen157
\lst@newlines=\count409
\lst@lineno=\count410
\lst@maxwidth=\dimen158
 (C:\Users\ruair\AppData\Local\Programs\MiKTeX\tex/latex/listings\lstmisc.sty
File: lstmisc.sty 2023/02/27 1.9 (Carsten Heinz)
\c@lstnumber=\count411
\lst@skipnumbers=\count412
\lst@framebox=\box53
) (C:\Users\ruair\AppData\Local\Programs\MiKTeX\tex/latex/listings\listings.cfg
File: listings.cfg 2023/02/27 1.9 listings configuration
))
Package: listings 2023/02/27 1.9 (Carsten Heinz)
 (C:\Users\ruair\AppData\Local\Programs\MiKTeX\tex/latex/xcolor\xcolor.sty
Package: xcolor 2022/06/12 v2.14 LaTeX color extensions (UK)
 (C:\Users\ruair\AppData\Local\Programs\MiKTeX\tex/latex/graphics-cfg\color.cfg
File: color.cfg 2016/01/02 v1.6 sample color configuration
)
Package xcolor Info: Driver file: pdftex.def on input line 227.
 (C:\Users\ruair\AppData\Local\Programs\MiKTeX\tex/latex/graphics\mathcolor.ltx)
Package xcolor Info: Model `cmy' substituted by `cmy0' on input line 1353.
Package xcolor Info: Model `hsb' substituted by `rgb' on input line 1357.
Package xcolor Info: Model `RGB' extended on input line 1369.
Package xcolor Info: Model `HTML' substituted by `rgb' on input line 1371.
Package xcolor Info: Model `Hsb' substituted by `hsb' on input line 1372.
Package xcolor Info: Model `tHsb' substituted by `hsb' on input line 1373.
Package xcolor Info: Model `HSB' substituted by `hsb' on input line 1374.
Package xcolor Info: Model `Gray' substituted by `gray' on input line 1375.
Package xcolor Info: Model `wave' substituted by `hsb' on input line 1376.
)
\@quotelevel=\count413
\@quotereset=\count414
 (main.aux)
\openout1 = `main.aux'.

LaTeX Font Info:    Checking defaults for OML/cmm/m/it on input line 37.
LaTeX Font Info:    ... okay on input line 37.
LaTeX Font Info:    Checking defaults for OMS/cmsy/m/n on input line 37.
LaTeX Font Info:    ... okay on input line 37.
LaTeX Font Info:    Checking defaults for OT1/cmr/m/n on input line 37.
LaTeX Font Info:    ... okay on input line 37.
LaTeX Font Info:    Checking defaults for T1/cmr/m/n on input line 37.
LaTeX Font Info:    ... okay on input line 37.
LaTeX Font Info:    Checking defaults for TS1/cmr/m/n on input line 37.
LaTeX Font Info:    ... okay on input line 37.
LaTeX Font Info:    Checking defaults for OMX/cmex/m/n on input line 37.
LaTeX Font Info:    ... okay on input line 37.
LaTeX Font Info:    Checking defaults for U/cmr/m/n on input line 37.
LaTeX Font Info:    ... okay on input line 37.
LaTeX Font Info:    Checking defaults for PD1/pdf/m/n on input line 37.
LaTeX Font Info:    ... okay on input line 37.
LaTeX Font Info:    Checking defaults for PU/pdf/m/n on input line 37.
LaTeX Font Info:    ... okay on input line 37.
 (C:\Users\ruair\AppData\Local\Programs\MiKTeX\tex/context/base/mkii\supp-pdf.mkii
[Loading MPS to PDF converter (version 2006.09.02).]
\scratchcounter=\count415
\scratchdimen=\dimen159
\scratchbox=\box54
\nofMPsegments=\count416
\nofMParguments=\count417
\everyMPshowfont=\toks20
\MPscratchCnt=\count418
\MPscratchDim=\dimen160
\MPnumerator=\count419
\makeMPintoPDFobject=\count420
\everyMPtoPDFconversion=\toks21
) (C:\Users\ruair\AppData\Local\Programs\MiKTeX\tex/latex/epstopdf-pkg\epstopdf-base.sty
Package: epstopdf-base 2020-01-24 v2.11 Base part for package epstopdf
Package epstopdf-base Info: Redefining graphics rule for `.eps' on input line 485.
 (C:\Users\ruair\AppData\Local\Programs\MiKTeX\tex/latex/00miktex\epstopdf-sys.cfg
File: epstopdf-sys.cfg 2021/03/18 v2.0 Configuration of epstopdf for MiKTeX
))
*geometry* driver: auto-detecting
*geometry* detected driver: pdftex
*geometry* verbose mode - [ preamble ] result:
* driver: pdftex
* paper: letterpaper
* layout: <same size as paper>
* layoutoffset:(h,v)=(0.0pt,0.0pt)
* modes: 
* h-part:(L,W,R)=(86.72377pt, 440.84746pt, 86.72377pt)
* v-part:(T,H,B)=(86.72377pt, 621.52245pt, 86.72377pt)
* \paperwidth=614.295pt
* \paperheight=794.96999pt
* \textwidth=440.84746pt
* \textheight=621.52245pt
* \oddsidemargin=14.45378pt
* \evensidemargin=14.45378pt
* \topmargin=-22.54622pt
* \headheight=12.0pt
* \headsep=25.0pt
* \topskip=11.0pt
* \footskip=30.0pt
* \marginparwidth=59.0pt
* \marginparsep=10.0pt
* \columnsep=10.0pt
* \skip\footins=10.0pt plus 4.0pt minus 2.0pt
* \hoffset=0.0pt
* \voffset=0.0pt
* \mag=1000
* \@twocolumnfalse
* \@twosidefalse
* \@mparswitchfalse
* \@reversemarginfalse
* (1in=72.27pt=25.4mm, 1cm=28.453pt)

Package hyperref Info: Link coloring OFF on input line 37.
(main.out) (main.out)
\@outlinefile=\write4
\openout4 = `main.out'.

Package biblatex Info: Trying to load language 'english'...
Package biblatex Info: ... file 'english.lbx' found.
 (C:\Users\ruair\AppData\Local\Programs\MiKTeX\tex/latex/biblatex/lbx\english.lbx
File: english.lbx 2023/03/05 v3.19 biblatex localization (PK/MW)
)
Package biblatex Info: Input encoding 'utf8' detected.
Package biblatex Info: Automatic encoding selection.
(biblatex)             Assuming data encoding 'utf8'.
\openout3 = `main.bcf'.

Package biblatex Info: Trying to load bibliographic data...
Package biblatex Info: ... file 'main.bbl' found.
 (main.bbl)
Package biblatex Info: Reference section=0 on input line 37.
Package biblatex Info: Reference segment=0 on input line 37.
\c@lstlisting=\count421
LaTeX Font Info:    External font `cmex10' loaded for size
(Font)              <12> on input line 40.
LaTeX Font Info:    External font `cmex10' loaded for size
(Font)              <8> on input line 40.
LaTeX Font Info:    External font `cmex10' loaded for size
(Font)              <6> on input line 40.
 [1

{C:/Users/ruair/AppData/Local/MiKTeX/fonts/map/pdftex/pdftex.map}] (main.toc
LaTeX Font Info:    External font `cmex10' loaded for size
(Font)              <10.95> on input line 2.
)
\tf@toc=\write5
\openout5 = `main.toc'.

 [2]
<Lab 1/GreenSpaceImage.png, id=143, 963.6pt x 642.4pt>
File: Lab 1/GreenSpaceImage.png Graphic file (type png)
<use Lab 1/GreenSpaceImage.png>
Package pdftex.def Info: Lab 1/GreenSpaceImage.png  used on input line 55.
(pdftex.def)             Requested size: 220.42372pt x 146.9451pt.
<Lab 1/imageWRGBhist.png, id=144, 421.575pt x 316.0608pt>
File: Lab 1/imageWRGBhist.png Graphic file (type png)
<use Lab 1/imageWRGBhist.png>
Package pdftex.def Info: Lab 1/imageWRGBhist.png  used on input line 62.
(pdftex.def)             Requested size: 264.51115pt x 198.30914pt.
 [3 <./Lab 1/GreenSpaceImage.png (PNG copy)> <./Lab 1/imageWRGBhist.png (PNG copy)>]
<Lab 1/imageFruits.png, id=153, 4641.34pt x 4151.51pt>
File: Lab 1/imageFruits.png Graphic file (type png)
<use Lab 1/imageFruits.png>
Package pdftex.def Info: Lab 1/imageFruits.png  used on input line 75.
(pdftex.def)             Requested size: 110.21185pt x 98.5677pt.
<Lab 1/ImagesHistogramsEnhancedHistEq.png, id=157, 1445.4pt x 697.10437pt>
File: Lab 1/ImagesHistogramsEnhancedHistEq.png Graphic file (type png)
<use Lab 1/ImagesHistogramsEnhancedHistEq.png>
Package pdftex.def Info: Lab 1/ImagesHistogramsEnhancedHistEq.png  used on input line 88.
(pdftex.def)             Requested size: 440.84746pt x 212.61119pt.
<Lab 1/ImagesHistogramsEnhancedGammaCorrection.png, id=160, 1445.4pt x 697.10437pt>
File: Lab 1/ImagesHistogramsEnhancedGammaCorrection.png Graphic file (type png)
<use Lab 1/ImagesHistogramsEnhancedGammaCorrection.png>
Package pdftex.def Info: Lab 1/ImagesHistogramsEnhancedGammaCorrection.png  used on input line 99.
(pdftex.def)             Requested size: 440.84746pt x 212.61119pt.
<Lab 1/NoiseSynthesisedRemovedWithGauss.png, id=161, 1445.4pt x 697.10437pt>
File: Lab 1/NoiseSynthesisedRemovedWithGauss.png Graphic file (type png)
<use Lab 1/NoiseSynthesisedRemovedWithGauss.png>
Package pdftex.def Info: Lab 1/NoiseSynthesisedRemovedWithGauss.png  used on input line 111.
(pdftex.def)             Requested size: 440.84746pt x 212.61119pt.
 [4 <./Lab 1/imageFruits.png (PNG copy)>]
<Lab 1/NoiseSynthesisedRemovedWithMedian.png, id=175, 1445.4pt x 697.10437pt>
File: Lab 1/NoiseSynthesisedRemovedWithMedian.png Graphic file (type png)
<use Lab 1/NoiseSynthesisedRemovedWithMedian.png>
Package pdftex.def Info: Lab 1/NoiseSynthesisedRemovedWithMedian.png  used on input line 128.
(pdftex.def)             Requested size: 440.84746pt x 212.61119pt.
 [5 <./Lab 1/ImagesHistogramsEnhancedHistEq.png (PNG copy)>]
<Lab 1/AllSegmentation.png, id=185, 1445.4pt x 697.10437pt>
File: Lab 1/AllSegmentation.png Graphic file (type png)
<use Lab 1/AllSegmentation.png>
Package pdftex.def Info: Lab 1/AllSegmentation.png  used on input line 142.
(pdftex.def)             Requested size: 440.84746pt x 212.61119pt.
 [6 <./Lab 1/ImagesHistogramsEnhancedGammaCorrection.png (PNG copy)>] [7 <./Lab 1/NoiseSynthesisedRemovedWithGauss.png (PNG copy)>] [8 <./Lab 1/NoiseSynthesisedRemovedWithMedian.png (PNG copy)> <./Lab 1/AllSegmentation.png (PNG copy)>]
<Lab 2/markedCornersEdited.png, id=206, 405.76593pt x 178.41656pt>
File: Lab 2/markedCornersEdited.png Graphic file (type png)
<use Lab 2/markedCornersEdited.png>
Package pdftex.def Info: Lab 2/markedCornersEdited.png  used on input line 161.
(pdftex.def)             Requested size: 330.63559pt x 145.38506pt.
<Lab 2/OpticalFlowEdited.png, id=211, 912.40875pt x 663.98062pt>
File: Lab 2/OpticalFlowEdited.png Graphic file (type png)
<use Lab 2/OpticalFlowEdited.png>
Package pdftex.def Info: Lab 2/OpticalFlowEdited.png  used on input line 171.
(pdftex.def)             Requested size: 330.63559pt x 240.60323pt.
<Lab 2/trackCorner.png, id=215, 421.575pt x 316.0608pt>
File: Lab 2/trackCorner.png Graphic file (type png)
<use Lab 2/trackCorner.png>
Package pdftex.def Info: Lab 2/trackCorner.png  used on input line 185.
(pdftex.def)             Requested size: 330.63559pt x 247.88643pt.
 [9

 <./Lab 2/markedCornersEdited.png>] [10 <./Lab 2/OpticalFlowEdited.png (PNG copy)>] [11 <./Lab 2/trackCorner.png (PNG copy)>]
<Lab 3/CompareThresholds.png, id=246, 421.575pt x 316.0608pt>
File: Lab 3/CompareThresholds.png Graphic file (type png)
<use Lab 3/CompareThresholds.png>
Package pdftex.def Info: Lab 3/CompareThresholds.png  used on input line 228.
(pdftex.def)             Requested size: 330.63559pt x 247.88643pt.
 [12

 <./Lab 3/CompareThresholds.png (PNG copy)>]
<Lab 3/CompareNGauss.png, id=255, 421.575pt x 316.0608pt>
File: Lab 3/CompareNGauss.png Graphic file (type png)
<use Lab 3/CompareNGauss.png>
Package pdftex.def Info: Lab 3/CompareNGauss.png  used on input line 247.
(pdftex.def)             Requested size: 330.63559pt x 247.88643pt.
<Lab 3/CompareNFrames.png, id=259, 421.575pt x 316.0608pt>
File: Lab 3/CompareNFrames.png Graphic file (type png)
<use Lab 3/CompareNFrames.png>
Package pdftex.def Info: Lab 3/CompareNFrames.png  used on input line 259.
(pdftex.def)             Requested size: 330.63559pt x 247.88643pt.
 [13 <./Lab 3/CompareNGauss.png (PNG copy)>] [14 <./Lab 3/CompareNFrames.png (PNG copy)>]
<Lab 4/threeTreasuresCropped.png, id=277, 421.575pt x 113.7048pt>
File: Lab 4/threeTreasuresCropped.png Graphic file (type png)
<use Lab 4/threeTreasuresCropped.png>
Package pdftex.def Info: Lab 4/threeTreasuresCropped.png  used on input line 274.
(pdftex.def)             Requested size: 440.84746pt x 118.90602pt.
<Lab 4/varyingThresholdsCropped.png, id=280, 421.575pt x 114.6684pt>
File: Lab 4/varyingThresholdsCropped.png Graphic file (type png)
<use Lab 4/varyingThresholdsCropped.png>
Package pdftex.def Info: Lab 4/varyingThresholdsCropped.png  used on input line 283.
(pdftex.def)             Requested size: 440.84746pt x 119.91368pt.
 [15 <./Lab 4/threeTreasuresCropped.png> <./Lab 4/varyingThresholdsCropped.png>]
<Lab 4/arrowFinder.png, id=295, 496.254pt x 357.0138pt>
File: Lab 4/arrowFinder.png Graphic file (type png)
<use Lab 4/arrowFinder.png>
Package pdftex.def Info: Lab 4/arrowFinder.png  used on input line 298.
(pdftex.def)             Requested size: 330.63559pt x 237.86333pt.
 [16 <./Lab 4/arrowFinder.png (PNG copy)>]
<Lab 4/EasyVisualSolution.png, id=309, 496.254pt x 357.0138pt>
File: Lab 4/EasyVisualSolution.png Graphic file (type png)
<use Lab 4/EasyVisualSolution.png>
Package pdftex.def Info: Lab 4/EasyVisualSolution.png  used on input line 315.
(pdftex.def)             Requested size: 330.63559pt x 237.86333pt.
<Lab 4/MediumVisualSolution.png, id=310, 496.254pt x 357.0138pt>
File: Lab 4/MediumVisualSolution.png Graphic file (type png)
<use Lab 4/MediumVisualSolution.png>
Package pdftex.def Info: Lab 4/MediumVisualSolution.png  used on input line 322.
(pdftex.def)             Requested size: 330.63559pt x 237.86333pt.
<Lab 4/HardVisualSolution.png, id=311, 496.254pt x 357.0138pt>
File: Lab 4/HardVisualSolution.png Graphic file (type png)
<use Lab 4/HardVisualSolution.png>
Package pdftex.def Info: Lab 4/HardVisualSolution.png  used on input line 329.
(pdftex.def)             Requested size: 330.63559pt x 237.86333pt.
 [17 <./Lab 4/EasyVisualSolution.png (PNG copy)>] [18 <./Lab 4/MediumVisualSolution.png (PNG copy)> <./Lab 4/HardVisualSolution.png (PNG copy)>]
<Lab 5/BaseCNNTrainingProgress.png, id=326, 740.0448pt x 382.5492pt>
File: Lab 5/BaseCNNTrainingProgress.png Graphic file (type png)
<use Lab 5/BaseCNNTrainingProgress.png>
Package pdftex.def Info: Lab 5/BaseCNNTrainingProgress.png  used on input line 359.
(pdftex.def)             Requested size: 330.63559pt x 170.91388pt.
 [19

 <./Lab 5/BaseCNNTrainingProgress.png (PNG copy)>]
<Lab 5/ReLUActivationTrainingProgress.png, id=343, 740.0448pt x 382.5492pt>
File: Lab 5/ReLUActivationTrainingProgress.png Graphic file (type png)
<use Lab 5/ReLUActivationTrainingProgress.png>
Package pdftex.def Info: Lab 5/ReLUActivationTrainingProgress.png  used on input line 429.
(pdftex.def)             Requested size: 440.84746pt x 227.88518pt.
 [20] [21 <./Lab 5/ReLUActivationTrainingProgress.png (PNG copy)>]
<Lab 5/OriginalAlexNetTrainingProgress.png, id=375, 740.0448pt x 382.5492pt>
File: Lab 5/OriginalAlexNetTrainingProgress.png Graphic file (type png)
<use Lab 5/OriginalAlexNetTrainingProgress.png>
Package pdftex.def Info: Lab 5/OriginalAlexNetTrainingProgress.png  used on input line 482.
(pdftex.def)             Requested size: 440.84746pt x 227.88518pt.
 [22]
<Lab 5/HyperparameterOKresultTrainingProgress.png, id=388, 740.0448pt x 382.5492pt>
File: Lab 5/HyperparameterOKresultTrainingProgress.png Graphic file (type png)
<use Lab 5/HyperparameterOKresultTrainingProgress.png>
Package pdftex.def Info: Lab 5/HyperparameterOKresultTrainingProgress.png  used on input line 508.
(pdftex.def)             Requested size: 440.84746pt x 227.88518pt.
<Lab 5/OwnCNNTrainingProcess.png, id=398, 740.0448pt x 382.5492pt>
File: Lab 5/OwnCNNTrainingProcess.png Graphic file (type png)
<use Lab 5/OwnCNNTrainingProcess.png>
Package pdftex.def Info: Lab 5/OwnCNNTrainingProcess.png  used on input line 537.
(pdftex.def)             Requested size: 440.84746pt x 227.88518pt.
 [23 <./Lab 5/OriginalAlexNetTrainingProgress.png (PNG copy)>] [24 <./Lab 5/HyperparameterOKresultTrainingProgress.png (PNG copy)>] [25 <./Lab 5/OwnCNNTrainingProcess.png (PNG copy)>] [26

] [27]
Overfull \hbox (3.01047pt too wide) in paragraph at lines 577--577
[]\OT1/cmr/m/n/10.95 MATLAB, \OT1/cmr/m/it/10.95 Fore-ground de-tec-tion us-ing gaus-sian mix-ture mod-els\OT1/cmr/m/n/10.95 , Ac-cessed: (01/03/2024),
 []


Overfull \hbox (16.1649pt too wide) in paragraph at lines 577--577
[]\OT1/cmr/m/n/10.95 J. Brown-lee, \OT1/cmr/m/it/10.95 A gen-tle in-tro-duc-tion to the rec-ti-fied lin-ear unit (relu)\OT1/cmr/m/n/10.95 , Ac-cessed: (24/04/2024),
 []


Overfull \hbox (7.5288pt too wide) in paragraph at lines 577--577
\OT1/cmr/m/n/10.95 2020. [On-line]. Avail-able: []$\OT1/cmtt/m/n/10.95 https : / / machinelearningmastery . com / rectified -[] linear -[]
 []


Overfull \hbox (1.04126pt too wide) in paragraph at lines 577--577
\OT1/cmr/m/n/10.95 (25/03/2024), 2017. [On-line]. Avail-able: []$\OT1/cmtt/m/n/10.95 https : / / towardsdatascience . com / applied -[]
 []


Overfull \hbox (0.20943pt too wide) in paragraph at lines 577--577
[]\OT1/cmr/m/n/10.95 MATLAB, \OT1/cmr/m/it/10.95 Max pool-ing layer\OT1/cmr/m/n/10.95 , Ac-cessed: (25/03/2024), 2024. [On-line]. Avail-able: []$\OT1/cmtt/m/n/10.95 https :
 []


Overfull \hbox (12.5388pt too wide) in paragraph at lines 577--577
\OT1/cmtt/m/n/10.95 / / uk . mathworks . com / help / deeplearning / ref / nnet . cnn . layer . maxpooling2dlayer .
 []

[28

] [29] (C:\Users\ruair\AppData\Local\Programs\MiKTeX\tex/latex/listings\lstlang1.sty
File: lstlang1.sty 2023/02/27 1.9 listings language file
)
Package hyperref Info: bookmark level for unknown lstlisting defaults to 0 on input line 582.
 (Lab 2/Lab_2.m
LaTeX Font Info:    Font shape `OT1/cmtt/bx/n' in size <9> not available
(Font)              Font shape `OT1/cmtt/m/n' tried instead on input line 2.
 [30

] [31]) [32] (Lab 3/Lab3.m [33

] [34] [35] [36] [37] [38] [39]) [40] (Lab 4/treasure_hunting_all.m [41

] [42]) (Lab 4/arrow_finder.m) (Lab 4/yellowFinder.m [43] [44] [45]) (Lab 4/next_object_finder.m [46]) [47] (Lab 5/LHS_optimisation.m [48

] [49]) (Lab 5/AlexNet_with_hyperparameters.m [50]) (Lab 5/subOptimal_LeNet5.m [51] [52]) (Lab 5/Optimal_LeNet5.m [53] [54]) [55] (main.aux)
 ***********
LaTeX2e <2023-06-01> patch level 1
L3 programming layer <2023-08-29>
 ***********
Package rerunfilecheck Info: File `main.out' has not changed.
(rerunfilecheck)             Checksum: E894F388EFF751B7E30B0A8307BBC8DB;5907.
Package logreq Info: Writing requests to 'main.run.xml'.
\openout1 = `main.run.xml'.

 ) 
Here is how much of TeX's memory you used:
 20946 strings out of 475248
 360448 string characters out of 5757813
 2262785 words of memory out of 5000000
 40871 multiletter control sequences out of 15000+600000
 564689 words of font info for 59 fonts, out of 8000000 for 9000
 1141 hyphenation exceptions out of 8191
 75i,11n,81p,1161b,2655s stack positions out of 10000i,1000n,20000p,200000b,200000s
<C:/Users/ruair/AppData/Local/Programs/MiKTeX/fonts/type1/public/amsfonts/cm/cmbx10.pfb><C:/Users/ruair/AppData/Local/Programs/MiKTeX/fonts/type1/public/amsfonts/cm/cmbx12.pfb><C:/Users/ruair/AppData/Local/Programs/MiKTeX/fonts/type1/public/amsfonts/cm/cmcsc10.pfb><C:/Users/ruair/AppData/Local/Programs/MiKTeX/fonts/type1/public/amsfonts/cm/cmex10.pfb><C:/Users/ruair/AppData/Local/Programs/MiKTeX/fonts/type1/public/amsfonts/cm/cmmi10.pfb><C:/Users/ruair/AppData/Local/Programs/MiKTeX/fonts/type1/public/amsfonts/cm/cmmi8.pfb><C:/Users/ruair/AppData/Local/Programs/MiKTeX/fonts/type1/public/amsfonts/cm/cmr10.pfb><C:/Users/ruair/AppData/Local/Programs/MiKTeX/fonts/type1/public/amsfonts/cm/cmr12.pfb><C:/Users/ruair/AppData/Local/Programs/MiKTeX/fonts/type1/public/amsfonts/cm/cmr17.pfb><C:/Users/ruair/AppData/Local/Programs/MiKTeX/fonts/type1/public/amsfonts/cm/cmr8.pfb><C:/Users/ruair/AppData/Local/Programs/MiKTeX/fonts/type1/public/amsfonts/cm/cmsy10.pfb><C:/Users/ruair/AppData/Local/Programs/MiKTeX/fonts/type1/public/amsfonts/cm/cmti10.pfb><C:/Users/ruair/AppData/Local/Programs/MiKTeX/fonts/type1/public/amsfonts/cm/cmtt10.pfb><C:/Users/ruair/AppData/Local/Programs/MiKTeX/fonts/type1/public/amsfonts/cm/cmtt8.pfb><C:/Users/ruair/AppData/Local/Programs/MiKTeX/fonts/type1/public/amsfonts/cm/cmtt9.pfb>
Output written on main.pdf (55 pages, 33877575 bytes).
PDF statistics:
 2174 PDF objects out of 2487 (max. 8388607)
 1385 named destinations out of 1440 (max. 500000)
 318 words of extra memory for PDF output out of 10000 (max. 10000000)

